<?xml version="1.0" encoding="UTF-8" ?>
<testsuite tests="52" failures="0" name="Applause_Qa.TestRunner" time="0.197" errors="16" skipped="27">
  <properties>
[...]
</properties>
  <testcase classname="Scenario: Login via admin" name="Given go to applause portal" time="0"/>
  <testcase classname="Scenario: Login via admin" name="When user enters the email id and password" time="0"/>
  <testcase classname="Scenario: Login via admin" name="Then clicks on login button" time="0"/>
  <testcase classname="Scenario: Login via admin" name="Scenario: Login via admin" time="0"/>
  <testcase classname="Scenario: Create customer with only mandatory fields" name="Given user clicks on the customer menu" time="0"/>
  <testcase classname="Scenario: Create customer with only mandatory fields" name="When user click on the Add new button" time="0.003">
    <error message="unknown error: Element &lt;a class=&quot;btn btn-default btn-list-view ng-scope&quot; href=&quot;#/createCustomer&quot; ng-if=&quot;userAccess.Customers.create&quot;&gt;...&lt;/a&gt; is not clickable at point (88, 184). Other element would receive the click: &lt;div ng-hide=&quot;loaded&quot; class=&quot;se-pre-con1&quot;&gt;...&lt;/div&gt;
  (Session info: chrome=61.0.3163.100)
  (Driver info: chromedriver=2.32.498550 (9dec58e66c31bcc53a9ce3c7226f0c1c5810906a),platform=Windows NT 10.0.14393 x86_64) (WARNING: The server did not provide any stacktrace information)
Command duration or timeout: 0 milliseconds
Build info: version: &apos;3.5.3&apos;, revision: &apos;a88d25fe6b&apos;, time: &apos;2017-08-29T12:42:44.417Z&apos;
System info: host: &apos;DESKTOP-PD4GPRC&apos;, ip: &apos;192.168.100.18&apos;, os.name: &apos;Windows 10&apos;, os.arch: &apos;amd64&apos;, os.version: &apos;10.0&apos;, java.version: &apos;1.8.0_144&apos;
Driver info: org.openqa.selenium.chrome.ChromeDriver
Capabilities [{mobileEmulationEnabled=false, hasTouchScreen=false, platform=XP, acceptSslCerts=true, webStorageEnabled=true, browserName=chrome, takesScreenshot=true, javascriptEnabled=true, platformName=XP, setWindowRect=true, unexpectedAlertBehaviour=, applicationCacheEnabled=false, rotatable=false, networkConnectionEnabled=false, chrome={chromedriverVersion=2.32.498550 (9dec58e66c31bcc53a9ce3c7226f0c1c5810906a), userDataDir=C:\WINDOWS\TEMP\scoped_dir10044_1324}, takesHeapSnapshot=true, pageLoadStrategy=normal, unhandledPromptBehavior=, databaseEnabled=false, handlesAlerts=true, version=61.0.3163.100, browserConnectionEnabled=false, nativeEvents=true, locationContextEnabled=true, cssSelectorsEnabled=true}]
Session ID: 919988a91770db67d6b4bdcb6629c20b" type="org.openqa.selenium.WebDriverException">org.openqa.selenium.WebDriverException: unknown error: Element &lt;a class=&quot;btn btn-default btn-list-view ng-scope&quot; href=&quot;#/createCustomer&quot; ng-if=&quot;userAccess.Customers.create&quot;&gt;...&lt;/a&gt; is not clickable at point (88, 184). Other element would receive the click: &lt;div ng-hide=&quot;loaded&quot; class=&quot;se-pre-con1&quot;&gt;...&lt;/div&gt;
  (Session info: chrome=61.0.3163.100)
  (Driver info: chromedriver=2.32.498550 (9dec58e66c31bcc53a9ce3c7226f0c1c5810906a),platform=Windows NT 10.0.14393 x86_64) (WARNING: The server did not provide any stacktrace information)
Command duration or timeout: 0 milliseconds
Build info: version: &apos;3.5.3&apos;, revision: &apos;a88d25fe6b&apos;, time: &apos;2017-08-29T12:42:44.417Z&apos;
System info: host: &apos;DESKTOP-PD4GPRC&apos;, ip: &apos;192.168.100.18&apos;, os.name: &apos;Windows 10&apos;, os.arch: &apos;amd64&apos;, os.version: &apos;10.0&apos;, java.version: &apos;1.8.0_144&apos;
Driver info: org.openqa.selenium.chrome.ChromeDriver
Capabilities [{mobileEmulationEnabled=false, hasTouchScreen=false, platform=XP, acceptSslCerts=true, webStorageEnabled=true, browserName=chrome, takesScreenshot=true, javascriptEnabled=true, platformName=XP, setWindowRect=true, unexpectedAlertBehaviour=, applicationCacheEnabled=false, rotatable=false, networkConnectionEnabled=false, chrome={chromedriverVersion=2.32.498550 (9dec58e66c31bcc53a9ce3c7226f0c1c5810906a), userDataDir=C:\WINDOWS\TEMP\scoped_dir10044_1324}, takesHeapSnapshot=true, pageLoadStrategy=normal, unhandledPromptBehavior=, databaseEnabled=false, handlesAlerts=true, version=61.0.3163.100, browserConnectionEnabled=false, nativeEvents=true, locationContextEnabled=true, cssSelectorsEnabled=true}]
Session ID: 919988a91770db67d6b4bdcb6629c20b
	at sun.reflect.NativeConstructorAccessorImpl.newInstance0(Native Method)
	at sun.reflect.NativeConstructorAccessorImpl.newInstance(NativeConstructorAccessorImpl.java:62)
	at sun.reflect.DelegatingConstructorAccessorImpl.newInstance(DelegatingConstructorAccessorImpl.java:45)
	at java.lang.reflect.Constructor.newInstance(Constructor.java:423)
	at org.openqa.selenium.remote.ErrorHandler.createThrowable(ErrorHandler.java:215)
	at org.openqa.selenium.remote.ErrorHandler.throwIfResponseFailed(ErrorHandler.java:167)
	at org.openqa.selenium.remote.http.JsonHttpResponseCodec.reconstructValue(JsonHttpResponseCodec.java:40)
	at org.openqa.selenium.remote.http.AbstractHttpResponseCodec.decode(AbstractHttpResponseCodec.java:82)
	at org.openqa.selenium.remote.http.AbstractHttpResponseCodec.decode(AbstractHttpResponseCodec.java:45)
	at org.openqa.selenium.remote.HttpCommandExecutor.execute(HttpCommandExecutor.java:164)
	at org.openqa.selenium.remote.service.DriverCommandExecutor.execute(DriverCommandExecutor.java:82)
	at org.openqa.selenium.remote.RemoteWebDriver.execute(RemoteWebDriver.java:646)
	at org.openqa.selenium.remote.RemoteWebElement.execute(RemoteWebElement.java:275)
	at org.openqa.selenium.remote.RemoteWebElement.click(RemoteWebElement.java:82)
	at Applause_Qa.ApplauseTest1.user_click_on_the_Add_new_button(ApplauseTest1.java:61)
	at ✽.When user click on the Add new button(src/test/java/Applause_Qa/ApplauseTest1.feature:12)
</error>
  </testcase>
  <testcase classname="Scenario: Create customer with only mandatory fields" name="Scenario: Create customer with only mandatory fields" time="0.004">
    <error message="unknown error: Element &lt;a class=&quot;btn btn-default btn-list-view ng-scope&quot; href=&quot;#/createCustomer&quot; ng-if=&quot;userAccess.Customers.create&quot;&gt;...&lt;/a&gt; is not clickable at point (88, 184). Other element would receive the click: &lt;div ng-hide=&quot;loaded&quot; class=&quot;se-pre-con1&quot;&gt;...&lt;/div&gt;
  (Session info: chrome=61.0.3163.100)
  (Driver info: chromedriver=2.32.498550 (9dec58e66c31bcc53a9ce3c7226f0c1c5810906a),platform=Windows NT 10.0.14393 x86_64) (WARNING: The server did not provide any stacktrace information)
Command duration or timeout: 0 milliseconds
Build info: version: &apos;3.5.3&apos;, revision: &apos;a88d25fe6b&apos;, time: &apos;2017-08-29T12:42:44.417Z&apos;
System info: host: &apos;DESKTOP-PD4GPRC&apos;, ip: &apos;192.168.100.18&apos;, os.name: &apos;Windows 10&apos;, os.arch: &apos;amd64&apos;, os.version: &apos;10.0&apos;, java.version: &apos;1.8.0_144&apos;
Driver info: org.openqa.selenium.chrome.ChromeDriver
Capabilities [{mobileEmulationEnabled=false, hasTouchScreen=false, platform=XP, acceptSslCerts=true, webStorageEnabled=true, browserName=chrome, takesScreenshot=true, javascriptEnabled=true, platformName=XP, setWindowRect=true, unexpectedAlertBehaviour=, applicationCacheEnabled=false, rotatable=false, networkConnectionEnabled=false, chrome={chromedriverVersion=2.32.498550 (9dec58e66c31bcc53a9ce3c7226f0c1c5810906a), userDataDir=C:\WINDOWS\TEMP\scoped_dir10044_1324}, takesHeapSnapshot=true, pageLoadStrategy=normal, unhandledPromptBehavior=, databaseEnabled=false, handlesAlerts=true, version=61.0.3163.100, browserConnectionEnabled=false, nativeEvents=true, locationContextEnabled=true, cssSelectorsEnabled=true}]
Session ID: 919988a91770db67d6b4bdcb6629c20b" type="org.openqa.selenium.WebDriverException">org.openqa.selenium.WebDriverException: unknown error: Element &lt;a class=&quot;btn btn-default btn-list-view ng-scope&quot; href=&quot;#/createCustomer&quot; ng-if=&quot;userAccess.Customers.create&quot;&gt;...&lt;/a&gt; is not clickable at point (88, 184). Other element would receive the click: &lt;div ng-hide=&quot;loaded&quot; class=&quot;se-pre-con1&quot;&gt;...&lt;/div&gt;
  (Session info: chrome=61.0.3163.100)
  (Driver info: chromedriver=2.32.498550 (9dec58e66c31bcc53a9ce3c7226f0c1c5810906a),platform=Windows NT 10.0.14393 x86_64) (WARNING: The server did not provide any stacktrace information)
Command duration or timeout: 0 milliseconds
Build info: version: &apos;3.5.3&apos;, revision: &apos;a88d25fe6b&apos;, time: &apos;2017-08-29T12:42:44.417Z&apos;
System info: host: &apos;DESKTOP-PD4GPRC&apos;, ip: &apos;192.168.100.18&apos;, os.name: &apos;Windows 10&apos;, os.arch: &apos;amd64&apos;, os.version: &apos;10.0&apos;, java.version: &apos;1.8.0_144&apos;
Driver info: org.openqa.selenium.chrome.ChromeDriver
Capabilities [{mobileEmulationEnabled=false, hasTouchScreen=false, platform=XP, acceptSslCerts=true, webStorageEnabled=true, browserName=chrome, takesScreenshot=true, javascriptEnabled=true, platformName=XP, setWindowRect=true, unexpectedAlertBehaviour=, applicationCacheEnabled=false, rotatable=false, networkConnectionEnabled=false, chrome={chromedriverVersion=2.32.498550 (9dec58e66c31bcc53a9ce3c7226f0c1c5810906a), userDataDir=C:\WINDOWS\TEMP\scoped_dir10044_1324}, takesHeapSnapshot=true, pageLoadStrategy=normal, unhandledPromptBehavior=, databaseEnabled=false, handlesAlerts=true, version=61.0.3163.100, browserConnectionEnabled=false, nativeEvents=true, locationContextEnabled=true, cssSelectorsEnabled=true}]
Session ID: 919988a91770db67d6b4bdcb6629c20b
	at sun.reflect.NativeConstructorAccessorImpl.newInstance0(Native Method)
	at sun.reflect.NativeConstructorAccessorImpl.newInstance(NativeConstructorAccessorImpl.java:62)
	at sun.reflect.DelegatingConstructorAccessorImpl.newInstance(DelegatingConstructorAccessorImpl.java:45)
	at java.lang.reflect.Constructor.newInstance(Constructor.java:423)
	at org.openqa.selenium.remote.ErrorHandler.createThrowable(ErrorHandler.java:215)
	at org.openqa.selenium.remote.ErrorHandler.throwIfResponseFailed(ErrorHandler.java:167)
	at org.openqa.selenium.remote.http.JsonHttpResponseCodec.reconstructValue(JsonHttpResponseCodec.java:40)
	at org.openqa.selenium.remote.http.AbstractHttpResponseCodec.decode(AbstractHttpResponseCodec.java:82)
	at org.openqa.selenium.remote.http.AbstractHttpResponseCodec.decode(AbstractHttpResponseCodec.java:45)
	at org.openqa.selenium.remote.HttpCommandExecutor.execute(HttpCommandExecutor.java:164)
	at org.openqa.selenium.remote.service.DriverCommandExecutor.execute(DriverCommandExecutor.java:82)
	at org.openqa.selenium.remote.RemoteWebDriver.execute(RemoteWebDriver.java:646)
	at org.openqa.selenium.remote.RemoteWebElement.execute(RemoteWebElement.java:275)
	at org.openqa.selenium.remote.RemoteWebElement.click(RemoteWebElement.java:82)
	at Applause_Qa.ApplauseTest1.user_click_on_the_Add_new_button(ApplauseTest1.java:61)
	at ✽.When user click on the Add new button(src/test/java/Applause_Qa/ApplauseTest1.feature:12)
</error>
  </testcase>
  <testcase classname="Scenario: Create customer with only mandatory fields" name="Then user enters the customer name" time="0.004">
    <skipped/>
  </testcase>
  <testcase classname="Scenario: Create customer with only mandatory fields" name="And click on the save button" time="0.005">
    <skipped/>
  </testcase>
  <testcase classname="Scenario: Create brand with only mandatory fields" name="Given user selects the customer from the customer dropdown" time="0">
    <error message="Cannot locate element with text: Hertz Corporation
For documentation on this error, please visit: http://seleniumhq.org/exceptions/no_such_element.html
Build info: version: &apos;3.5.3&apos;, revision: &apos;a88d25fe6b&apos;, time: &apos;2017-08-29T12:42:44.417Z&apos;
System info: host: &apos;DESKTOP-PD4GPRC&apos;, ip: &apos;192.168.100.18&apos;, os.name: &apos;Windows 10&apos;, os.arch: &apos;amd64&apos;, os.version: &apos;10.0&apos;, java.version: &apos;1.8.0_144&apos;
Driver info: driver.version: unknown" type="org.openqa.selenium.NoSuchElementException">org.openqa.selenium.NoSuchElementException: Cannot locate element with text: Hertz Corporation
For documentation on this error, please visit: http://seleniumhq.org/exceptions/no_such_element.html
Build info: version: &apos;3.5.3&apos;, revision: &apos;a88d25fe6b&apos;, time: &apos;2017-08-29T12:42:44.417Z&apos;
System info: host: &apos;DESKTOP-PD4GPRC&apos;, ip: &apos;192.168.100.18&apos;, os.name: &apos;Windows 10&apos;, os.arch: &apos;amd64&apos;, os.version: &apos;10.0&apos;, java.version: &apos;1.8.0_144&apos;
Driver info: driver.version: unknown
	at org.openqa.selenium.support.ui.Select.selectByVisibleText(Select.java:151)
	at Applause_Qa.ApplauseTest1.user_selects_the_customer_from_the_customer_dropdown(ApplauseTest1.java:87)
	at ✽.Given user selects the customer from the customer dropdown(src/test/java/Applause_Qa/ApplauseTest1.feature:18)
</error>
    <system-out>
  Scenario: Create customer with only mandatory fields &amp;#27;[90m# src/test/java/Applause_Qa/ApplauseTest1.feature:10&amp;#27;[0m
    &amp;#27;[32mGiven &amp;#27;[0m&amp;#27;[32muser clicks on the customer menu&amp;#27;[0m             &amp;#27;[90m# ApplauseTest1.user_clicks_on_the_customer_menu()&amp;#27;[0m
    &amp;#27;[31mWhen &amp;#27;[0m&amp;#27;[31muser click on the Add new button&amp;#27;[0m              &amp;#27;[90m# ApplauseTest1.user_click_on_the_Add_new_button()&amp;#27;[0m
      &amp;#27;[31morg.openqa.selenium.WebDriverException: unknown error: Element &lt;a class=&quot;btn btn-default btn-list-view ng-scope&quot; href=&quot;#/createCustomer&quot; ng-if=&quot;userAccess.Customers.create&quot;&gt;...&lt;/a&gt; is not clickable at point (88, 184). Other element would receive the click: &lt;div ng-hide=&quot;loaded&quot; class=&quot;se-pre-con1&quot;&gt;...&lt;/div&gt;
        (Session info: chrome=61.0.3163.100)
        (Driver info: chromedriver=2.32.498550 (9dec58e66c31bcc53a9ce3c7226f0c1c5810906a),platform=Windows NT 10.0.14393 x86_64) (WARNING: The server did not provide any stacktrace information)
      Command duration or timeout: 0 milliseconds
      Build info: version: &apos;3.5.3&apos;, revision: &apos;a88d25fe6b&apos;, time: &apos;2017-08-29T12:42:44.417Z&apos;
      System info: host: &apos;DESKTOP-PD4GPRC&apos;, ip: &apos;192.168.100.18&apos;, os.name: &apos;Windows 10&apos;, os.arch: &apos;amd64&apos;, os.version: &apos;10.0&apos;, java.version: &apos;1.8.0_144&apos;
      Driver info: org.openqa.selenium.chrome.ChromeDriver
      Capabilities [{mobileEmulationEnabled=false, hasTouchScreen=false, platform=XP, acceptSslCerts=true, webStorageEnabled=true, browserName=chrome, takesScreenshot=true, javascriptEnabled=true, platformName=XP, setWindowRect=true, unexpectedAlertBehaviour=, applicationCacheEnabled=false, rotatable=false, networkConnectionEnabled=false, chrome={chromedriverVersion=2.32.498550 (9dec58e66c31bcc53a9ce3c7226f0c1c5810906a), userDataDir=C:\WINDOWS\TEMP\scoped_dir10044_1324}, takesHeapSnapshot=true, pageLoadStrategy=normal, unhandledPromptBehavior=, databaseEnabled=false, handlesAlerts=true, version=61.0.3163.100, browserConnectionEnabled=false, nativeEvents=true, locationContextEnabled=true, cssSelectorsEnabled=true}]
      Session ID: 919988a91770db67d6b4bdcb6629c20b
      	at sun.reflect.NativeConstructorAccessorImpl.newInstance0(Native Method)
      	at sun.reflect.NativeConstructorAccessorImpl.newInstance(NativeConstructorAccessorImpl.java:62)
      	at sun.reflect.DelegatingConstructorAccessorImpl.newInstance(DelegatingConstructorAccessorImpl.java:45)
      	at java.lang.reflect.Constructor.newInstance(Constructor.java:423)
      	at org.openqa.selenium.remote.ErrorHandler.createThrowable(ErrorHandler.java:215)
      	at org.openqa.selenium.remote.ErrorHandler.throwIfResponseFailed(ErrorHandler.java:167)
      	at org.openqa.selenium.remote.http.JsonHttpResponseCodec.reconstructValue(JsonHttpResponseCodec.java:40)
      	at org.openqa.selenium.remote.http.AbstractHttpResponseCodec.decode(AbstractHttpResponseCodec.java:82)
      	at org.openqa.selenium.remote.http.AbstractHttpResponseCodec.decode(AbstractHttpResponseCodec.java:45)
      	at org.openqa.selenium.remote.HttpCommandExecutor.execute(HttpCommandExecutor.java:164)
      	at org.openqa.selenium.remote.service.DriverCommandExecutor.execute(DriverCommandExecutor.java:82)
      	at org.openqa.selenium.remote.RemoteWebDriver.execute(RemoteWebDriver.java:646)
      	at org.openqa.selenium.remote.RemoteWebElement.execute(RemoteWebElement.java:275)
      	at org.openqa.selenium.remote.RemoteWebElement.click(RemoteWebElement.java:82)
      	at Applause_Qa.ApplauseTest1.user_click_on_the_Add_new_button(ApplauseTest1.java:61)
      	at ?.When user click on the Add new button(src/test/java/Applause_Qa/ApplauseTest1.feature:12)
      &amp;#27;[0m
    &amp;#27;[36mThen &amp;#27;[0m&amp;#27;[36muser enters the customer name&amp;#27;[0m                 &amp;#27;[90m# ApplauseTest1.user_enters_the_customer_name(DataTable)&amp;#27;[0m
    &amp;#27;[36mAnd &amp;#27;[0m&amp;#27;[36mclick on the save button&amp;#27;[0m                       &amp;#27;[90m# ApplauseTest1.click_on_the_save_button()&amp;#27;[0m
</system-out>
  </testcase>
  <testcase classname="Scenario: Create brand with only mandatory fields" name="Scenario: Create brand with only mandatory fields" time="0">
    <error message="Cannot locate element with text: Hertz Corporation
For documentation on this error, please visit: http://seleniumhq.org/exceptions/no_such_element.html
Build info: version: &apos;3.5.3&apos;, revision: &apos;a88d25fe6b&apos;, time: &apos;2017-08-29T12:42:44.417Z&apos;
System info: host: &apos;DESKTOP-PD4GPRC&apos;, ip: &apos;192.168.100.18&apos;, os.name: &apos;Windows 10&apos;, os.arch: &apos;amd64&apos;, os.version: &apos;10.0&apos;, java.version: &apos;1.8.0_144&apos;
Driver info: driver.version: unknown" type="org.openqa.selenium.NoSuchElementException">org.openqa.selenium.NoSuchElementException: Cannot locate element with text: Hertz Corporation
For documentation on this error, please visit: http://seleniumhq.org/exceptions/no_such_element.html
Build info: version: &apos;3.5.3&apos;, revision: &apos;a88d25fe6b&apos;, time: &apos;2017-08-29T12:42:44.417Z&apos;
System info: host: &apos;DESKTOP-PD4GPRC&apos;, ip: &apos;192.168.100.18&apos;, os.name: &apos;Windows 10&apos;, os.arch: &apos;amd64&apos;, os.version: &apos;10.0&apos;, java.version: &apos;1.8.0_144&apos;
Driver info: driver.version: unknown
	at org.openqa.selenium.support.ui.Select.selectByVisibleText(Select.java:151)
	at Applause_Qa.ApplauseTest1.user_selects_the_customer_from_the_customer_dropdown(ApplauseTest1.java:87)
	at ✽.Given user selects the customer from the customer dropdown(src/test/java/Applause_Qa/ApplauseTest1.feature:18)
</error>
  </testcase>
  <testcase classname="Scenario: Create brand with only mandatory fields" name="When user clicks on the brand menu" time="0">
    <skipped/>
  </testcase>
  <testcase classname="Scenario: Create brand with only mandatory fields" name="When user click on the Add new button" time="0">
    <skipped/>
  </testcase>
  <testcase classname="Scenario: Create brand with only mandatory fields" name="Then user enters the brand name" time="0">
    <skipped/>
  </testcase>
  <testcase classname="Scenario: Create brand with only mandatory fields" name="Then selects the rating image" time="0">
    <skipped/>
  </testcase>
  <testcase classname="Scenario: Create brand with only mandatory fields" name="And click on the save button" time="0">
    <skipped/>
  </testcase>
  <testcase classname="Scenario: Create location with only mandatory fields" name="Given user selects the brand from the brand dropdown" time="0">
    <error message="Cannot locate element with text: Hertz
For documentation on this error, please visit: http://seleniumhq.org/exceptions/no_such_element.html
Build info: version: &apos;3.5.3&apos;, revision: &apos;a88d25fe6b&apos;, time: &apos;2017-08-29T12:42:44.417Z&apos;
System info: host: &apos;DESKTOP-PD4GPRC&apos;, ip: &apos;192.168.100.18&apos;, os.name: &apos;Windows 10&apos;, os.arch: &apos;amd64&apos;, os.version: &apos;10.0&apos;, java.version: &apos;1.8.0_144&apos;
Driver info: driver.version: unknown" type="org.openqa.selenium.NoSuchElementException">org.openqa.selenium.NoSuchElementException: Cannot locate element with text: Hertz
For documentation on this error, please visit: http://seleniumhq.org/exceptions/no_such_element.html
Build info: version: &apos;3.5.3&apos;, revision: &apos;a88d25fe6b&apos;, time: &apos;2017-08-29T12:42:44.417Z&apos;
System info: host: &apos;DESKTOP-PD4GPRC&apos;, ip: &apos;192.168.100.18&apos;, os.name: &apos;Windows 10&apos;, os.arch: &apos;amd64&apos;, os.version: &apos;10.0&apos;, java.version: &apos;1.8.0_144&apos;
Driver info: driver.version: unknown
	at org.openqa.selenium.support.ui.Select.selectByVisibleText(Select.java:151)
	at Applause_Qa.ApplauseTest1.user_selects_the_brand_from_the_brand_dropdown(ApplauseTest1.java:121)
	at ✽.Given user selects the brand from the brand dropdown(src/test/java/Applause_Qa/ApplauseTest1.feature:28)
</error>
    <system-out>
  Scenario: Create brand with only mandatory fields            &amp;#27;[90m# src/test/java/Applause_Qa/ApplauseTest1.feature:17&amp;#27;[0m
    &amp;#27;[31mGiven &amp;#27;[0m&amp;#27;[31muser selects the customer from the customer dropdown&amp;#27;[0m &amp;#27;[90m# ApplauseTest1.user_selects_the_customer_from_the_customer_dropdown(DataTable)&amp;#27;[0m
      &amp;#27;[31morg.openqa.selenium.NoSuchElementException: Cannot locate element with text: Hertz Corporation
      For documentation on this error, please visit: http://seleniumhq.org/exceptions/no_such_element.html
      Build info: version: &apos;3.5.3&apos;, revision: &apos;a88d25fe6b&apos;, time: &apos;2017-08-29T12:42:44.417Z&apos;
      System info: host: &apos;DESKTOP-PD4GPRC&apos;, ip: &apos;192.168.100.18&apos;, os.name: &apos;Windows 10&apos;, os.arch: &apos;amd64&apos;, os.version: &apos;10.0&apos;, java.version: &apos;1.8.0_144&apos;
      Driver info: driver.version: unknown
      	at org.openqa.selenium.support.ui.Select.selectByVisibleText(Select.java:151)
      	at Applause_Qa.ApplauseTest1.user_selects_the_customer_from_the_customer_dropdown(ApplauseTest1.java:87)
      	at ?.Given user selects the customer from the customer dropdown(src/test/java/Applause_Qa/ApplauseTest1.feature:18)
      &amp;#27;[0m
    &amp;#27;[36mWhen &amp;#27;[0m&amp;#27;[36muser clicks on the brand menu&amp;#27;[0m                         &amp;#27;[90m# ApplauseTest1.user_clicks_on_the_brand_menu()&amp;#27;[0m
    &amp;#27;[36mWhen &amp;#27;[0m&amp;#27;[36muser click on the Add new button&amp;#27;[0m                      &amp;#27;[90m# ApplauseTest1.user_click_on_the_Add_new_button()&amp;#27;[0m
    &amp;#27;[36mThen &amp;#27;[0m&amp;#27;[36muser enters the brand name&amp;#27;[0m                            &amp;#27;[90m# ApplauseTest1.user_enters_the_brand_name(DataTable)&amp;#27;[0m
    &amp;#27;[36mThen &amp;#27;[0m&amp;#27;[36mselects the rating image&amp;#27;[0m                              &amp;#27;[90m# ApplauseTest1.selects_the_rating_image()&amp;#27;[0m
    &amp;#27;[36mAnd &amp;#27;[0m&amp;#27;[36mclick on the save button&amp;#27;[0m                               &amp;#27;[90m# ApplauseTest1.click_on_the_save_button()&amp;#27;[0m
</system-out>
  </testcase>
  <testcase classname="Scenario: Create location with only mandatory fields" name="Scenario: Create location with only mandatory fields" time="0">
    <error message="Cannot locate element with text: Hertz
For documentation on this error, please visit: http://seleniumhq.org/exceptions/no_such_element.html
Build info: version: &apos;3.5.3&apos;, revision: &apos;a88d25fe6b&apos;, time: &apos;2017-08-29T12:42:44.417Z&apos;
System info: host: &apos;DESKTOP-PD4GPRC&apos;, ip: &apos;192.168.100.18&apos;, os.name: &apos;Windows 10&apos;, os.arch: &apos;amd64&apos;, os.version: &apos;10.0&apos;, java.version: &apos;1.8.0_144&apos;
Driver info: driver.version: unknown" type="org.openqa.selenium.NoSuchElementException">org.openqa.selenium.NoSuchElementException: Cannot locate element with text: Hertz
For documentation on this error, please visit: http://seleniumhq.org/exceptions/no_such_element.html
Build info: version: &apos;3.5.3&apos;, revision: &apos;a88d25fe6b&apos;, time: &apos;2017-08-29T12:42:44.417Z&apos;
System info: host: &apos;DESKTOP-PD4GPRC&apos;, ip: &apos;192.168.100.18&apos;, os.name: &apos;Windows 10&apos;, os.arch: &apos;amd64&apos;, os.version: &apos;10.0&apos;, java.version: &apos;1.8.0_144&apos;
Driver info: driver.version: unknown
	at org.openqa.selenium.support.ui.Select.selectByVisibleText(Select.java:151)
	at Applause_Qa.ApplauseTest1.user_selects_the_brand_from_the_brand_dropdown(ApplauseTest1.java:121)
	at ✽.Given user selects the brand from the brand dropdown(src/test/java/Applause_Qa/ApplauseTest1.feature:28)
</error>
  </testcase>
  <testcase classname="Scenario: Create location with only mandatory fields" name="When user clicks on the location menu" time="0">
    <skipped/>
  </testcase>
  <testcase classname="Scenario: Create location with only mandatory fields" name="When user click on the Add new button" time="0">
    <skipped/>
  </testcase>
  <testcase classname="Scenario: Create location with only mandatory fields" name="Then user enters the location name" time="0">
    <skipped/>
  </testcase>
  <testcase classname="Scenario: Create location with only mandatory fields" name="Then enters the address" time="0">
    <skipped/>
  </testcase>
  <testcase classname="Scenario: Create location with only mandatory fields" name="And click on the save button" time="0">
    <skipped/>
  </testcase>
  <testcase classname="Scenario: Create employee with only mandatory fields" name="Given user selects the location from the location dropdown" time="0">
    <error message="Cannot locate element with text: SFO airport
For documentation on this error, please visit: http://seleniumhq.org/exceptions/no_such_element.html
Build info: version: &apos;3.5.3&apos;, revision: &apos;a88d25fe6b&apos;, time: &apos;2017-08-29T12:42:44.417Z&apos;
System info: host: &apos;DESKTOP-PD4GPRC&apos;, ip: &apos;192.168.100.18&apos;, os.name: &apos;Windows 10&apos;, os.arch: &apos;amd64&apos;, os.version: &apos;10.0&apos;, java.version: &apos;1.8.0_144&apos;
Driver info: driver.version: unknown" type="org.openqa.selenium.NoSuchElementException">org.openqa.selenium.NoSuchElementException: Cannot locate element with text: SFO airport
For documentation on this error, please visit: http://seleniumhq.org/exceptions/no_such_element.html
Build info: version: &apos;3.5.3&apos;, revision: &apos;a88d25fe6b&apos;, time: &apos;2017-08-29T12:42:44.417Z&apos;
System info: host: &apos;DESKTOP-PD4GPRC&apos;, ip: &apos;192.168.100.18&apos;, os.name: &apos;Windows 10&apos;, os.arch: &apos;amd64&apos;, os.version: &apos;10.0&apos;, java.version: &apos;1.8.0_144&apos;
Driver info: driver.version: unknown
	at org.openqa.selenium.support.ui.Select.selectByVisibleText(Select.java:151)
	at Applause_Qa.ApplauseTest1.user_selects_the_location_from_the_location_dropdown(ApplauseTest1.java:152)
	at ✽.Given user selects the location from the location dropdown(src/test/java/Applause_Qa/ApplauseTest1.feature:39)
</error>
    <system-out>
  Scenario: Create location with only mandatory fields   &amp;#27;[90m# src/test/java/Applause_Qa/ApplauseTest1.feature:27&amp;#27;[0m
    &amp;#27;[31mGiven &amp;#27;[0m&amp;#27;[31muser selects the brand from the brand dropdown&amp;#27;[0m &amp;#27;[90m# ApplauseTest1.user_selects_the_brand_from_the_brand_dropdown(DataTable)&amp;#27;[0m
      &amp;#27;[31morg.openqa.selenium.NoSuchElementException: Cannot locate element with text: Hertz
      For documentation on this error, please visit: http://seleniumhq.org/exceptions/no_such_element.html
      Build info: version: &apos;3.5.3&apos;, revision: &apos;a88d25fe6b&apos;, time: &apos;2017-08-29T12:42:44.417Z&apos;
      System info: host: &apos;DESKTOP-PD4GPRC&apos;, ip: &apos;192.168.100.18&apos;, os.name: &apos;Windows 10&apos;, os.arch: &apos;amd64&apos;, os.version: &apos;10.0&apos;, java.version: &apos;1.8.0_144&apos;
      Driver info: driver.version: unknown
      	at org.openqa.selenium.support.ui.Select.selectByVisibleText(Select.java:151)
      	at Applause_Qa.ApplauseTest1.user_selects_the_brand_from_the_brand_dropdown(ApplauseTest1.java:121)
      	at ?.Given user selects the brand from the brand dropdown(src/test/java/Applause_Qa/ApplauseTest1.feature:28)
      &amp;#27;[0m
    &amp;#27;[36mWhen &amp;#27;[0m&amp;#27;[36muser clicks on the location menu&amp;#27;[0m                &amp;#27;[90m# ApplauseTest1.user_clicks_on_the_location_menu()&amp;#27;[0m
    &amp;#27;[36mWhen &amp;#27;[0m&amp;#27;[36muser click on the Add new button&amp;#27;[0m                &amp;#27;[90m# ApplauseTest1.user_click_on_the_Add_new_button()&amp;#27;[0m
    &amp;#27;[36mThen &amp;#27;[0m&amp;#27;[36muser enters the location name&amp;#27;[0m                   &amp;#27;[90m# ApplauseTest1.user_enters_the_location_name(DataTable)&amp;#27;[0m
    &amp;#27;[36mThen &amp;#27;[0m&amp;#27;[36menters the address&amp;#27;[0m                              &amp;#27;[90m# ApplauseTest1.enters_the_address(DataTable)&amp;#27;[0m
    &amp;#27;[36mAnd &amp;#27;[0m&amp;#27;[36mclick on the save button&amp;#27;[0m                         &amp;#27;[90m# ApplauseTest1.click_on_the_save_button()&amp;#27;[0m
</system-out>
  </testcase>
  <testcase classname="Scenario: Create employee with only mandatory fields" name="Scenario: Create employee with only mandatory fields" time="0">
    <error message="Cannot locate element with text: SFO airport
For documentation on this error, please visit: http://seleniumhq.org/exceptions/no_such_element.html
Build info: version: &apos;3.5.3&apos;, revision: &apos;a88d25fe6b&apos;, time: &apos;2017-08-29T12:42:44.417Z&apos;
System info: host: &apos;DESKTOP-PD4GPRC&apos;, ip: &apos;192.168.100.18&apos;, os.name: &apos;Windows 10&apos;, os.arch: &apos;amd64&apos;, os.version: &apos;10.0&apos;, java.version: &apos;1.8.0_144&apos;
Driver info: driver.version: unknown" type="org.openqa.selenium.NoSuchElementException">org.openqa.selenium.NoSuchElementException: Cannot locate element with text: SFO airport
For documentation on this error, please visit: http://seleniumhq.org/exceptions/no_such_element.html
Build info: version: &apos;3.5.3&apos;, revision: &apos;a88d25fe6b&apos;, time: &apos;2017-08-29T12:42:44.417Z&apos;
System info: host: &apos;DESKTOP-PD4GPRC&apos;, ip: &apos;192.168.100.18&apos;, os.name: &apos;Windows 10&apos;, os.arch: &apos;amd64&apos;, os.version: &apos;10.0&apos;, java.version: &apos;1.8.0_144&apos;
Driver info: driver.version: unknown
	at org.openqa.selenium.support.ui.Select.selectByVisibleText(Select.java:151)
	at Applause_Qa.ApplauseTest1.user_selects_the_location_from_the_location_dropdown(ApplauseTest1.java:152)
	at ✽.Given user selects the location from the location dropdown(src/test/java/Applause_Qa/ApplauseTest1.feature:39)
</error>
  </testcase>
  <testcase classname="Scenario: Create employee with only mandatory fields" name="When user clicks on the employee menu" time="0">
    <skipped/>
  </testcase>
  <testcase classname="Scenario: Create employee with only mandatory fields" name="When user click on the Add new button" time="0">
    <skipped/>
  </testcase>
  <testcase classname="Scenario: Create employee with only mandatory fields" name="Then user enters the employee first name and last name" time="0">
    <skipped/>
  </testcase>
  <testcase classname="Scenario: Create employee with only mandatory fields" name="Then user enters the employee id and role" time="0">
    <skipped/>
  </testcase>
  <testcase classname="Scenario: Create employee with only mandatory fields" name="And click on the save button" time="0">
    <skipped/>
  </testcase>
  <testcase classname="Scenario: Assign beacon to location" name="When user clicks on the beacon menu" time="0"/>
  <testcase classname="Scenario: Assign beacon to location" name="Then clicks on Assign individual button" time="0.004">
    <error message="unknown error: Element &lt;a class=&quot;btn btn-default btn-list-view-small&quot; ng-click=&quot;goToAssign()&quot;&gt;...&lt;/a&gt; is not clickable at point (491, 184). Other element would receive the click: &lt;div ng-hide=&quot;loaded&quot; class=&quot;se-pre-con1&quot;&gt;...&lt;/div&gt;
  (Session info: chrome=61.0.3163.100)
  (Driver info: chromedriver=2.32.498550 (9dec58e66c31bcc53a9ce3c7226f0c1c5810906a),platform=Windows NT 10.0.14393 x86_64) (WARNING: The server did not provide any stacktrace information)
Command duration or timeout: 0 milliseconds
Build info: version: &apos;3.5.3&apos;, revision: &apos;a88d25fe6b&apos;, time: &apos;2017-08-29T12:42:44.417Z&apos;
System info: host: &apos;DESKTOP-PD4GPRC&apos;, ip: &apos;192.168.100.18&apos;, os.name: &apos;Windows 10&apos;, os.arch: &apos;amd64&apos;, os.version: &apos;10.0&apos;, java.version: &apos;1.8.0_144&apos;
Driver info: org.openqa.selenium.chrome.ChromeDriver
Capabilities [{mobileEmulationEnabled=false, hasTouchScreen=false, platform=XP, acceptSslCerts=true, webStorageEnabled=true, browserName=chrome, takesScreenshot=true, javascriptEnabled=true, platformName=XP, setWindowRect=true, unexpectedAlertBehaviour=, applicationCacheEnabled=false, rotatable=false, networkConnectionEnabled=false, chrome={chromedriverVersion=2.32.498550 (9dec58e66c31bcc53a9ce3c7226f0c1c5810906a), userDataDir=C:\WINDOWS\TEMP\scoped_dir10044_1324}, takesHeapSnapshot=true, pageLoadStrategy=normal, unhandledPromptBehavior=, databaseEnabled=false, handlesAlerts=true, version=61.0.3163.100, browserConnectionEnabled=false, nativeEvents=true, locationContextEnabled=true, cssSelectorsEnabled=true}]
Session ID: 919988a91770db67d6b4bdcb6629c20b" type="org.openqa.selenium.WebDriverException">org.openqa.selenium.WebDriverException: unknown error: Element &lt;a class=&quot;btn btn-default btn-list-view-small&quot; ng-click=&quot;goToAssign()&quot;&gt;...&lt;/a&gt; is not clickable at point (491, 184). Other element would receive the click: &lt;div ng-hide=&quot;loaded&quot; class=&quot;se-pre-con1&quot;&gt;...&lt;/div&gt;
  (Session info: chrome=61.0.3163.100)
  (Driver info: chromedriver=2.32.498550 (9dec58e66c31bcc53a9ce3c7226f0c1c5810906a),platform=Windows NT 10.0.14393 x86_64) (WARNING: The server did not provide any stacktrace information)
Command duration or timeout: 0 milliseconds
Build info: version: &apos;3.5.3&apos;, revision: &apos;a88d25fe6b&apos;, time: &apos;2017-08-29T12:42:44.417Z&apos;
System info: host: &apos;DESKTOP-PD4GPRC&apos;, ip: &apos;192.168.100.18&apos;, os.name: &apos;Windows 10&apos;, os.arch: &apos;amd64&apos;, os.version: &apos;10.0&apos;, java.version: &apos;1.8.0_144&apos;
Driver info: org.openqa.selenium.chrome.ChromeDriver
Capabilities [{mobileEmulationEnabled=false, hasTouchScreen=false, platform=XP, acceptSslCerts=true, webStorageEnabled=true, browserName=chrome, takesScreenshot=true, javascriptEnabled=true, platformName=XP, setWindowRect=true, unexpectedAlertBehaviour=, applicationCacheEnabled=false, rotatable=false, networkConnectionEnabled=false, chrome={chromedriverVersion=2.32.498550 (9dec58e66c31bcc53a9ce3c7226f0c1c5810906a), userDataDir=C:\WINDOWS\TEMP\scoped_dir10044_1324}, takesHeapSnapshot=true, pageLoadStrategy=normal, unhandledPromptBehavior=, databaseEnabled=false, handlesAlerts=true, version=61.0.3163.100, browserConnectionEnabled=false, nativeEvents=true, locationContextEnabled=true, cssSelectorsEnabled=true}]
Session ID: 919988a91770db67d6b4bdcb6629c20b
	at sun.reflect.NativeConstructorAccessorImpl.newInstance0(Native Method)
	at sun.reflect.NativeConstructorAccessorImpl.newInstance(NativeConstructorAccessorImpl.java:62)
	at sun.reflect.DelegatingConstructorAccessorImpl.newInstance(DelegatingConstructorAccessorImpl.java:45)
	at java.lang.reflect.Constructor.newInstance(Constructor.java:423)
	at org.openqa.selenium.remote.ErrorHandler.createThrowable(ErrorHandler.java:215)
	at org.openqa.selenium.remote.ErrorHandler.throwIfResponseFailed(ErrorHandler.java:167)
	at org.openqa.selenium.remote.http.JsonHttpResponseCodec.reconstructValue(JsonHttpResponseCodec.java:40)
	at org.openqa.selenium.remote.http.AbstractHttpResponseCodec.decode(AbstractHttpResponseCodec.java:82)
	at org.openqa.selenium.remote.http.AbstractHttpResponseCodec.decode(AbstractHttpResponseCodec.java:45)
	at org.openqa.selenium.remote.HttpCommandExecutor.execute(HttpCommandExecutor.java:164)
	at org.openqa.selenium.remote.service.DriverCommandExecutor.execute(DriverCommandExecutor.java:82)
	at org.openqa.selenium.remote.RemoteWebDriver.execute(RemoteWebDriver.java:646)
	at org.openqa.selenium.remote.RemoteWebElement.execute(RemoteWebElement.java:275)
	at org.openqa.selenium.remote.RemoteWebElement.click(RemoteWebElement.java:82)
	at Applause_Qa.ApplauseTest1.clicks_on_Assign_individual_button(ApplauseTest1.java:186)
	at ✽.Then clicks on Assign individual button(src/test/java/Applause_Qa/ApplauseTest1.feature:55)
</error>
  </testcase>
  <testcase classname="Scenario: Assign beacon to location" name="Scenario: Assign beacon to location" time="0.005">
    <error message="unknown error: Element &lt;a class=&quot;btn btn-default btn-list-view-small&quot; ng-click=&quot;goToAssign()&quot;&gt;...&lt;/a&gt; is not clickable at point (491, 184). Other element would receive the click: &lt;div ng-hide=&quot;loaded&quot; class=&quot;se-pre-con1&quot;&gt;...&lt;/div&gt;
  (Session info: chrome=61.0.3163.100)
  (Driver info: chromedriver=2.32.498550 (9dec58e66c31bcc53a9ce3c7226f0c1c5810906a),platform=Windows NT 10.0.14393 x86_64) (WARNING: The server did not provide any stacktrace information)
Command duration or timeout: 0 milliseconds
Build info: version: &apos;3.5.3&apos;, revision: &apos;a88d25fe6b&apos;, time: &apos;2017-08-29T12:42:44.417Z&apos;
System info: host: &apos;DESKTOP-PD4GPRC&apos;, ip: &apos;192.168.100.18&apos;, os.name: &apos;Windows 10&apos;, os.arch: &apos;amd64&apos;, os.version: &apos;10.0&apos;, java.version: &apos;1.8.0_144&apos;
Driver info: org.openqa.selenium.chrome.ChromeDriver
Capabilities [{mobileEmulationEnabled=false, hasTouchScreen=false, platform=XP, acceptSslCerts=true, webStorageEnabled=true, browserName=chrome, takesScreenshot=true, javascriptEnabled=true, platformName=XP, setWindowRect=true, unexpectedAlertBehaviour=, applicationCacheEnabled=false, rotatable=false, networkConnectionEnabled=false, chrome={chromedriverVersion=2.32.498550 (9dec58e66c31bcc53a9ce3c7226f0c1c5810906a), userDataDir=C:\WINDOWS\TEMP\scoped_dir10044_1324}, takesHeapSnapshot=true, pageLoadStrategy=normal, unhandledPromptBehavior=, databaseEnabled=false, handlesAlerts=true, version=61.0.3163.100, browserConnectionEnabled=false, nativeEvents=true, locationContextEnabled=true, cssSelectorsEnabled=true}]
Session ID: 919988a91770db67d6b4bdcb6629c20b" type="org.openqa.selenium.WebDriverException">org.openqa.selenium.WebDriverException: unknown error: Element &lt;a class=&quot;btn btn-default btn-list-view-small&quot; ng-click=&quot;goToAssign()&quot;&gt;...&lt;/a&gt; is not clickable at point (491, 184). Other element would receive the click: &lt;div ng-hide=&quot;loaded&quot; class=&quot;se-pre-con1&quot;&gt;...&lt;/div&gt;
  (Session info: chrome=61.0.3163.100)
  (Driver info: chromedriver=2.32.498550 (9dec58e66c31bcc53a9ce3c7226f0c1c5810906a),platform=Windows NT 10.0.14393 x86_64) (WARNING: The server did not provide any stacktrace information)
Command duration or timeout: 0 milliseconds
Build info: version: &apos;3.5.3&apos;, revision: &apos;a88d25fe6b&apos;, time: &apos;2017-08-29T12:42:44.417Z&apos;
System info: host: &apos;DESKTOP-PD4GPRC&apos;, ip: &apos;192.168.100.18&apos;, os.name: &apos;Windows 10&apos;, os.arch: &apos;amd64&apos;, os.version: &apos;10.0&apos;, java.version: &apos;1.8.0_144&apos;
Driver info: org.openqa.selenium.chrome.ChromeDriver
Capabilities [{mobileEmulationEnabled=false, hasTouchScreen=false, platform=XP, acceptSslCerts=true, webStorageEnabled=true, browserName=chrome, takesScreenshot=true, javascriptEnabled=true, platformName=XP, setWindowRect=true, unexpectedAlertBehaviour=, applicationCacheEnabled=false, rotatable=false, networkConnectionEnabled=false, chrome={chromedriverVersion=2.32.498550 (9dec58e66c31bcc53a9ce3c7226f0c1c5810906a), userDataDir=C:\WINDOWS\TEMP\scoped_dir10044_1324}, takesHeapSnapshot=true, pageLoadStrategy=normal, unhandledPromptBehavior=, databaseEnabled=false, handlesAlerts=true, version=61.0.3163.100, browserConnectionEnabled=false, nativeEvents=true, locationContextEnabled=true, cssSelectorsEnabled=true}]
Session ID: 919988a91770db67d6b4bdcb6629c20b
	at sun.reflect.NativeConstructorAccessorImpl.newInstance0(Native Method)
	at sun.reflect.NativeConstructorAccessorImpl.newInstance(NativeConstructorAccessorImpl.java:62)
	at sun.reflect.DelegatingConstructorAccessorImpl.newInstance(DelegatingConstructorAccessorImpl.java:45)
	at java.lang.reflect.Constructor.newInstance(Constructor.java:423)
	at org.openqa.selenium.remote.ErrorHandler.createThrowable(ErrorHandler.java:215)
	at org.openqa.selenium.remote.ErrorHandler.throwIfResponseFailed(ErrorHandler.java:167)
	at org.openqa.selenium.remote.http.JsonHttpResponseCodec.reconstructValue(JsonHttpResponseCodec.java:40)
	at org.openqa.selenium.remote.http.AbstractHttpResponseCodec.decode(AbstractHttpResponseCodec.java:82)
	at org.openqa.selenium.remote.http.AbstractHttpResponseCodec.decode(AbstractHttpResponseCodec.java:45)
	at org.openqa.selenium.remote.HttpCommandExecutor.execute(HttpCommandExecutor.java:164)
	at org.openqa.selenium.remote.service.DriverCommandExecutor.execute(DriverCommandExecutor.java:82)
	at org.openqa.selenium.remote.RemoteWebDriver.execute(RemoteWebDriver.java:646)
	at org.openqa.selenium.remote.RemoteWebElement.execute(RemoteWebElement.java:275)
	at org.openqa.selenium.remote.RemoteWebElement.click(RemoteWebElement.java:82)
	at Applause_Qa.ApplauseTest1.clicks_on_Assign_individual_button(ApplauseTest1.java:186)
	at ✽.Then clicks on Assign individual button(src/test/java/Applause_Qa/ApplauseTest1.feature:55)
</error>
  </testcase>
  <testcase classname="Scenario: Assign beacon to location" name="Then enters the beacon id" time="0.005">
    <skipped/>
  </testcase>
  <testcase classname="Scenario: Assign beacon to location" name="And click on the save button" time="0.005">
    <skipped/>
  </testcase>
  <testcase classname="Scenario: Pair beacon to an employee" name="When user clicks on the beacon menu" time="0.002"/>
  <testcase classname="Scenario: Pair beacon to an employee" name="Then selects the beacon id" time="0.016">
    <error message="unknown error: Element &lt;div class=&quot;ui-grid-selection-row-header-buttons ui-grid-icon-ok ng-scope&quot; ng-class=&quot;{&apos;ui-grid-all-selected&apos;: grid.selection.selectAll}&quot; ng-click=&quot;headerButtonClick($event)&quot; ng-if=&quot;grid.options.enableSelectAll&quot;&gt;&lt;/div&gt; is not clickable at point (35, 237). Other element would receive the click: &lt;a href=&quot;&quot; ng-click=&quot;&quot; class=&quot;active&quot; style=&quot;color:#333;&quot;&gt;...&lt;/a&gt;
  (Session info: chrome=61.0.3163.100)
  (Driver info: chromedriver=2.32.498550 (9dec58e66c31bcc53a9ce3c7226f0c1c5810906a),platform=Windows NT 10.0.14393 x86_64) (WARNING: The server did not provide any stacktrace information)
Command duration or timeout: 0 milliseconds
Build info: version: &apos;3.5.3&apos;, revision: &apos;a88d25fe6b&apos;, time: &apos;2017-08-29T12:42:44.417Z&apos;
System info: host: &apos;DESKTOP-PD4GPRC&apos;, ip: &apos;192.168.100.18&apos;, os.name: &apos;Windows 10&apos;, os.arch: &apos;amd64&apos;, os.version: &apos;10.0&apos;, java.version: &apos;1.8.0_144&apos;
Driver info: org.openqa.selenium.chrome.ChromeDriver
Capabilities [{mobileEmulationEnabled=false, hasTouchScreen=false, platform=XP, acceptSslCerts=true, webStorageEnabled=true, browserName=chrome, takesScreenshot=true, javascriptEnabled=true, platformName=XP, setWindowRect=true, unexpectedAlertBehaviour=, applicationCacheEnabled=false, rotatable=false, networkConnectionEnabled=false, chrome={chromedriverVersion=2.32.498550 (9dec58e66c31bcc53a9ce3c7226f0c1c5810906a), userDataDir=C:\WINDOWS\TEMP\scoped_dir10044_1324}, takesHeapSnapshot=true, pageLoadStrategy=normal, unhandledPromptBehavior=, databaseEnabled=false, handlesAlerts=true, version=61.0.3163.100, browserConnectionEnabled=false, nativeEvents=true, locationContextEnabled=true, cssSelectorsEnabled=true}]
Session ID: 919988a91770db67d6b4bdcb6629c20b" type="org.openqa.selenium.WebDriverException">org.openqa.selenium.WebDriverException: unknown error: Element &lt;div class=&quot;ui-grid-selection-row-header-buttons ui-grid-icon-ok ng-scope&quot; ng-class=&quot;{&apos;ui-grid-all-selected&apos;: grid.selection.selectAll}&quot; ng-click=&quot;headerButtonClick($event)&quot; ng-if=&quot;grid.options.enableSelectAll&quot;&gt;&lt;/div&gt; is not clickable at point (35, 237). Other element would receive the click: &lt;a href=&quot;&quot; ng-click=&quot;&quot; class=&quot;active&quot; style=&quot;color:#333;&quot;&gt;...&lt;/a&gt;
  (Session info: chrome=61.0.3163.100)
  (Driver info: chromedriver=2.32.498550 (9dec58e66c31bcc53a9ce3c7226f0c1c5810906a),platform=Windows NT 10.0.14393 x86_64) (WARNING: The server did not provide any stacktrace information)
Command duration or timeout: 0 milliseconds
Build info: version: &apos;3.5.3&apos;, revision: &apos;a88d25fe6b&apos;, time: &apos;2017-08-29T12:42:44.417Z&apos;
System info: host: &apos;DESKTOP-PD4GPRC&apos;, ip: &apos;192.168.100.18&apos;, os.name: &apos;Windows 10&apos;, os.arch: &apos;amd64&apos;, os.version: &apos;10.0&apos;, java.version: &apos;1.8.0_144&apos;
Driver info: org.openqa.selenium.chrome.ChromeDriver
Capabilities [{mobileEmulationEnabled=false, hasTouchScreen=false, platform=XP, acceptSslCerts=true, webStorageEnabled=true, browserName=chrome, takesScreenshot=true, javascriptEnabled=true, platformName=XP, setWindowRect=true, unexpectedAlertBehaviour=, applicationCacheEnabled=false, rotatable=false, networkConnectionEnabled=false, chrome={chromedriverVersion=2.32.498550 (9dec58e66c31bcc53a9ce3c7226f0c1c5810906a), userDataDir=C:\WINDOWS\TEMP\scoped_dir10044_1324}, takesHeapSnapshot=true, pageLoadStrategy=normal, unhandledPromptBehavior=, databaseEnabled=false, handlesAlerts=true, version=61.0.3163.100, browserConnectionEnabled=false, nativeEvents=true, locationContextEnabled=true, cssSelectorsEnabled=true}]
Session ID: 919988a91770db67d6b4bdcb6629c20b
	at sun.reflect.NativeConstructorAccessorImpl.newInstance0(Native Method)
	at sun.reflect.NativeConstructorAccessorImpl.newInstance(NativeConstructorAccessorImpl.java:62)
	at sun.reflect.DelegatingConstructorAccessorImpl.newInstance(DelegatingConstructorAccessorImpl.java:45)
	at java.lang.reflect.Constructor.newInstance(Constructor.java:423)
	at org.openqa.selenium.remote.ErrorHandler.createThrowable(ErrorHandler.java:215)
	at org.openqa.selenium.remote.ErrorHandler.throwIfResponseFailed(ErrorHandler.java:167)
	at org.openqa.selenium.remote.http.JsonHttpResponseCodec.reconstructValue(JsonHttpResponseCodec.java:40)
	at org.openqa.selenium.remote.http.AbstractHttpResponseCodec.decode(AbstractHttpResponseCodec.java:82)
	at org.openqa.selenium.remote.http.AbstractHttpResponseCodec.decode(AbstractHttpResponseCodec.java:45)
	at org.openqa.selenium.remote.HttpCommandExecutor.execute(HttpCommandExecutor.java:164)
	at org.openqa.selenium.remote.service.DriverCommandExecutor.execute(DriverCommandExecutor.java:82)
	at org.openqa.selenium.remote.RemoteWebDriver.execute(RemoteWebDriver.java:646)
	at org.openqa.selenium.remote.RemoteWebElement.execute(RemoteWebElement.java:275)
	at org.openqa.selenium.remote.RemoteWebElement.click(RemoteWebElement.java:82)
	at Applause_Qa.ApplauseTest1.selects_the_beacon_id(ApplauseTest1.java:202)
	at ✽.Then selects the beacon id(src/test/java/Applause_Qa/ApplauseTest1.feature:62)
</error>
  </testcase>
  <testcase classname="Scenario: Pair beacon to an employee" name="Scenario: Pair beacon to an employee" time="0.016">
    <error message="unknown error: Element &lt;div class=&quot;ui-grid-selection-row-header-buttons ui-grid-icon-ok ng-scope&quot; ng-class=&quot;{&apos;ui-grid-all-selected&apos;: grid.selection.selectAll}&quot; ng-click=&quot;headerButtonClick($event)&quot; ng-if=&quot;grid.options.enableSelectAll&quot;&gt;&lt;/div&gt; is not clickable at point (35, 237). Other element would receive the click: &lt;a href=&quot;&quot; ng-click=&quot;&quot; class=&quot;active&quot; style=&quot;color:#333;&quot;&gt;...&lt;/a&gt;
  (Session info: chrome=61.0.3163.100)
  (Driver info: chromedriver=2.32.498550 (9dec58e66c31bcc53a9ce3c7226f0c1c5810906a),platform=Windows NT 10.0.14393 x86_64) (WARNING: The server did not provide any stacktrace information)
Command duration or timeout: 0 milliseconds
Build info: version: &apos;3.5.3&apos;, revision: &apos;a88d25fe6b&apos;, time: &apos;2017-08-29T12:42:44.417Z&apos;
System info: host: &apos;DESKTOP-PD4GPRC&apos;, ip: &apos;192.168.100.18&apos;, os.name: &apos;Windows 10&apos;, os.arch: &apos;amd64&apos;, os.version: &apos;10.0&apos;, java.version: &apos;1.8.0_144&apos;
Driver info: org.openqa.selenium.chrome.ChromeDriver
Capabilities [{mobileEmulationEnabled=false, hasTouchScreen=false, platform=XP, acceptSslCerts=true, webStorageEnabled=true, browserName=chrome, takesScreenshot=true, javascriptEnabled=true, platformName=XP, setWindowRect=true, unexpectedAlertBehaviour=, applicationCacheEnabled=false, rotatable=false, networkConnectionEnabled=false, chrome={chromedriverVersion=2.32.498550 (9dec58e66c31bcc53a9ce3c7226f0c1c5810906a), userDataDir=C:\WINDOWS\TEMP\scoped_dir10044_1324}, takesHeapSnapshot=true, pageLoadStrategy=normal, unhandledPromptBehavior=, databaseEnabled=false, handlesAlerts=true, version=61.0.3163.100, browserConnectionEnabled=false, nativeEvents=true, locationContextEnabled=true, cssSelectorsEnabled=true}]
Session ID: 919988a91770db67d6b4bdcb6629c20b" type="org.openqa.selenium.WebDriverException">org.openqa.selenium.WebDriverException: unknown error: Element &lt;div class=&quot;ui-grid-selection-row-header-buttons ui-grid-icon-ok ng-scope&quot; ng-class=&quot;{&apos;ui-grid-all-selected&apos;: grid.selection.selectAll}&quot; ng-click=&quot;headerButtonClick($event)&quot; ng-if=&quot;grid.options.enableSelectAll&quot;&gt;&lt;/div&gt; is not clickable at point (35, 237). Other element would receive the click: &lt;a href=&quot;&quot; ng-click=&quot;&quot; class=&quot;active&quot; style=&quot;color:#333;&quot;&gt;...&lt;/a&gt;
  (Session info: chrome=61.0.3163.100)
  (Driver info: chromedriver=2.32.498550 (9dec58e66c31bcc53a9ce3c7226f0c1c5810906a),platform=Windows NT 10.0.14393 x86_64) (WARNING: The server did not provide any stacktrace information)
Command duration or timeout: 0 milliseconds
Build info: version: &apos;3.5.3&apos;, revision: &apos;a88d25fe6b&apos;, time: &apos;2017-08-29T12:42:44.417Z&apos;
System info: host: &apos;DESKTOP-PD4GPRC&apos;, ip: &apos;192.168.100.18&apos;, os.name: &apos;Windows 10&apos;, os.arch: &apos;amd64&apos;, os.version: &apos;10.0&apos;, java.version: &apos;1.8.0_144&apos;
Driver info: org.openqa.selenium.chrome.ChromeDriver
Capabilities [{mobileEmulationEnabled=false, hasTouchScreen=false, platform=XP, acceptSslCerts=true, webStorageEnabled=true, browserName=chrome, takesScreenshot=true, javascriptEnabled=true, platformName=XP, setWindowRect=true, unexpectedAlertBehaviour=, applicationCacheEnabled=false, rotatable=false, networkConnectionEnabled=false, chrome={chromedriverVersion=2.32.498550 (9dec58e66c31bcc53a9ce3c7226f0c1c5810906a), userDataDir=C:\WINDOWS\TEMP\scoped_dir10044_1324}, takesHeapSnapshot=true, pageLoadStrategy=normal, unhandledPromptBehavior=, databaseEnabled=false, handlesAlerts=true, version=61.0.3163.100, browserConnectionEnabled=false, nativeEvents=true, locationContextEnabled=true, cssSelectorsEnabled=true}]
Session ID: 919988a91770db67d6b4bdcb6629c20b
	at sun.reflect.NativeConstructorAccessorImpl.newInstance0(Native Method)
	at sun.reflect.NativeConstructorAccessorImpl.newInstance(NativeConstructorAccessorImpl.java:62)
	at sun.reflect.DelegatingConstructorAccessorImpl.newInstance(DelegatingConstructorAccessorImpl.java:45)
	at java.lang.reflect.Constructor.newInstance(Constructor.java:423)
	at org.openqa.selenium.remote.ErrorHandler.createThrowable(ErrorHandler.java:215)
	at org.openqa.selenium.remote.ErrorHandler.throwIfResponseFailed(ErrorHandler.java:167)
	at org.openqa.selenium.remote.http.JsonHttpResponseCodec.reconstructValue(JsonHttpResponseCodec.java:40)
	at org.openqa.selenium.remote.http.AbstractHttpResponseCodec.decode(AbstractHttpResponseCodec.java:82)
	at org.openqa.selenium.remote.http.AbstractHttpResponseCodec.decode(AbstractHttpResponseCodec.java:45)
	at org.openqa.selenium.remote.HttpCommandExecutor.execute(HttpCommandExecutor.java:164)
	at org.openqa.selenium.remote.service.DriverCommandExecutor.execute(DriverCommandExecutor.java:82)
	at org.openqa.selenium.remote.RemoteWebDriver.execute(RemoteWebDriver.java:646)
	at org.openqa.selenium.remote.RemoteWebElement.execute(RemoteWebElement.java:275)
	at org.openqa.selenium.remote.RemoteWebElement.click(RemoteWebElement.java:82)
	at Applause_Qa.ApplauseTest1.selects_the_beacon_id(ApplauseTest1.java:202)
	at ✽.Then selects the beacon id(src/test/java/Applause_Qa/ApplauseTest1.feature:62)
</error>
  </testcase>
  <testcase classname="Scenario: Pair beacon to an employee" name="Then clicks on Pair individual button" time="0.016">
    <skipped/>
  </testcase>
  <testcase classname="Scenario: Pair beacon to an employee" name="Then enters the employee id" time="0.016">
    <skipped/>
  </testcase>
  <testcase classname="Scenario: Pair beacon to an employee" name="Then click on search" time="0.016">
    <skipped/>
  </testcase>
  <testcase classname="Scenario: Pair beacon to an employee" name="And click on Pair button" time="0.016">
    <skipped/>
  </testcase>
  <testcase classname="Scenario: Unpair beacon from an employee" name="When user clicks on the beacon menu" time="0"/>
  <testcase classname="Scenario: Unpair beacon from an employee" name="Then selects the beacon id" time="0">
    <error message="unknown error: Element &lt;div class=&quot;ui-grid-selection-row-header-buttons ui-grid-icon-ok ng-scope&quot; ng-class=&quot;{&apos;ui-grid-all-selected&apos;: grid.selection.selectAll}&quot; ng-click=&quot;headerButtonClick($event)&quot; ng-if=&quot;grid.options.enableSelectAll&quot;&gt;&lt;/div&gt; is not clickable at point (35, 237). Other element would receive the click: &lt;a href=&quot;&quot; ng-click=&quot;&quot; class=&quot;active&quot; style=&quot;color:#333;&quot;&gt;...&lt;/a&gt;
  (Session info: chrome=61.0.3163.100)
  (Driver info: chromedriver=2.32.498550 (9dec58e66c31bcc53a9ce3c7226f0c1c5810906a),platform=Windows NT 10.0.14393 x86_64) (WARNING: The server did not provide any stacktrace information)
Command duration or timeout: 0 milliseconds
Build info: version: &apos;3.5.3&apos;, revision: &apos;a88d25fe6b&apos;, time: &apos;2017-08-29T12:42:44.417Z&apos;
System info: host: &apos;DESKTOP-PD4GPRC&apos;, ip: &apos;192.168.100.18&apos;, os.name: &apos;Windows 10&apos;, os.arch: &apos;amd64&apos;, os.version: &apos;10.0&apos;, java.version: &apos;1.8.0_144&apos;
Driver info: org.openqa.selenium.chrome.ChromeDriver
Capabilities [{mobileEmulationEnabled=false, hasTouchScreen=false, platform=XP, acceptSslCerts=true, webStorageEnabled=true, browserName=chrome, takesScreenshot=true, javascriptEnabled=true, platformName=XP, setWindowRect=true, unexpectedAlertBehaviour=, applicationCacheEnabled=false, rotatable=false, networkConnectionEnabled=false, chrome={chromedriverVersion=2.32.498550 (9dec58e66c31bcc53a9ce3c7226f0c1c5810906a), userDataDir=C:\WINDOWS\TEMP\scoped_dir10044_1324}, takesHeapSnapshot=true, pageLoadStrategy=normal, unhandledPromptBehavior=, databaseEnabled=false, handlesAlerts=true, version=61.0.3163.100, browserConnectionEnabled=false, nativeEvents=true, locationContextEnabled=true, cssSelectorsEnabled=true}]
Session ID: 919988a91770db67d6b4bdcb6629c20b" type="org.openqa.selenium.WebDriverException">org.openqa.selenium.WebDriverException: unknown error: Element &lt;div class=&quot;ui-grid-selection-row-header-buttons ui-grid-icon-ok ng-scope&quot; ng-class=&quot;{&apos;ui-grid-all-selected&apos;: grid.selection.selectAll}&quot; ng-click=&quot;headerButtonClick($event)&quot; ng-if=&quot;grid.options.enableSelectAll&quot;&gt;&lt;/div&gt; is not clickable at point (35, 237). Other element would receive the click: &lt;a href=&quot;&quot; ng-click=&quot;&quot; class=&quot;active&quot; style=&quot;color:#333;&quot;&gt;...&lt;/a&gt;
  (Session info: chrome=61.0.3163.100)
  (Driver info: chromedriver=2.32.498550 (9dec58e66c31bcc53a9ce3c7226f0c1c5810906a),platform=Windows NT 10.0.14393 x86_64) (WARNING: The server did not provide any stacktrace information)
Command duration or timeout: 0 milliseconds
Build info: version: &apos;3.5.3&apos;, revision: &apos;a88d25fe6b&apos;, time: &apos;2017-08-29T12:42:44.417Z&apos;
System info: host: &apos;DESKTOP-PD4GPRC&apos;, ip: &apos;192.168.100.18&apos;, os.name: &apos;Windows 10&apos;, os.arch: &apos;amd64&apos;, os.version: &apos;10.0&apos;, java.version: &apos;1.8.0_144&apos;
Driver info: org.openqa.selenium.chrome.ChromeDriver
Capabilities [{mobileEmulationEnabled=false, hasTouchScreen=false, platform=XP, acceptSslCerts=true, webStorageEnabled=true, browserName=chrome, takesScreenshot=true, javascriptEnabled=true, platformName=XP, setWindowRect=true, unexpectedAlertBehaviour=, applicationCacheEnabled=false, rotatable=false, networkConnectionEnabled=false, chrome={chromedriverVersion=2.32.498550 (9dec58e66c31bcc53a9ce3c7226f0c1c5810906a), userDataDir=C:\WINDOWS\TEMP\scoped_dir10044_1324}, takesHeapSnapshot=true, pageLoadStrategy=normal, unhandledPromptBehavior=, databaseEnabled=false, handlesAlerts=true, version=61.0.3163.100, browserConnectionEnabled=false, nativeEvents=true, locationContextEnabled=true, cssSelectorsEnabled=true}]
Session ID: 919988a91770db67d6b4bdcb6629c20b
	at sun.reflect.NativeConstructorAccessorImpl.newInstance0(Native Method)
	at sun.reflect.NativeConstructorAccessorImpl.newInstance(NativeConstructorAccessorImpl.java:62)
	at sun.reflect.DelegatingConstructorAccessorImpl.newInstance(DelegatingConstructorAccessorImpl.java:45)
	at java.lang.reflect.Constructor.newInstance(Constructor.java:423)
	at org.openqa.selenium.remote.ErrorHandler.createThrowable(ErrorHandler.java:215)
	at org.openqa.selenium.remote.ErrorHandler.throwIfResponseFailed(ErrorHandler.java:167)
	at org.openqa.selenium.remote.http.JsonHttpResponseCodec.reconstructValue(JsonHttpResponseCodec.java:40)
	at org.openqa.selenium.remote.http.AbstractHttpResponseCodec.decode(AbstractHttpResponseCodec.java:82)
	at org.openqa.selenium.remote.http.AbstractHttpResponseCodec.decode(AbstractHttpResponseCodec.java:45)
	at org.openqa.selenium.remote.HttpCommandExecutor.execute(HttpCommandExecutor.java:164)
	at org.openqa.selenium.remote.service.DriverCommandExecutor.execute(DriverCommandExecutor.java:82)
	at org.openqa.selenium.remote.RemoteWebDriver.execute(RemoteWebDriver.java:646)
	at org.openqa.selenium.remote.RemoteWebElement.execute(RemoteWebElement.java:275)
	at org.openqa.selenium.remote.RemoteWebElement.click(RemoteWebElement.java:82)
	at Applause_Qa.ApplauseTest1.selects_the_beacon_id(ApplauseTest1.java:202)
	at ✽.Then selects the beacon id(src/test/java/Applause_Qa/ApplauseTest1.feature:71)
</error>
  </testcase>
  <testcase classname="Scenario: Unpair beacon from an employee" name="Scenario: Unpair beacon from an employee" time="0">
    <error message="unknown error: Element &lt;div class=&quot;ui-grid-selection-row-header-buttons ui-grid-icon-ok ng-scope&quot; ng-class=&quot;{&apos;ui-grid-all-selected&apos;: grid.selection.selectAll}&quot; ng-click=&quot;headerButtonClick($event)&quot; ng-if=&quot;grid.options.enableSelectAll&quot;&gt;&lt;/div&gt; is not clickable at point (35, 237). Other element would receive the click: &lt;a href=&quot;&quot; ng-click=&quot;&quot; class=&quot;active&quot; style=&quot;color:#333;&quot;&gt;...&lt;/a&gt;
  (Session info: chrome=61.0.3163.100)
  (Driver info: chromedriver=2.32.498550 (9dec58e66c31bcc53a9ce3c7226f0c1c5810906a),platform=Windows NT 10.0.14393 x86_64) (WARNING: The server did not provide any stacktrace information)
Command duration or timeout: 0 milliseconds
Build info: version: &apos;3.5.3&apos;, revision: &apos;a88d25fe6b&apos;, time: &apos;2017-08-29T12:42:44.417Z&apos;
System info: host: &apos;DESKTOP-PD4GPRC&apos;, ip: &apos;192.168.100.18&apos;, os.name: &apos;Windows 10&apos;, os.arch: &apos;amd64&apos;, os.version: &apos;10.0&apos;, java.version: &apos;1.8.0_144&apos;
Driver info: org.openqa.selenium.chrome.ChromeDriver
Capabilities [{mobileEmulationEnabled=false, hasTouchScreen=false, platform=XP, acceptSslCerts=true, webStorageEnabled=true, browserName=chrome, takesScreenshot=true, javascriptEnabled=true, platformName=XP, setWindowRect=true, unexpectedAlertBehaviour=, applicationCacheEnabled=false, rotatable=false, networkConnectionEnabled=false, chrome={chromedriverVersion=2.32.498550 (9dec58e66c31bcc53a9ce3c7226f0c1c5810906a), userDataDir=C:\WINDOWS\TEMP\scoped_dir10044_1324}, takesHeapSnapshot=true, pageLoadStrategy=normal, unhandledPromptBehavior=, databaseEnabled=false, handlesAlerts=true, version=61.0.3163.100, browserConnectionEnabled=false, nativeEvents=true, locationContextEnabled=true, cssSelectorsEnabled=true}]
Session ID: 919988a91770db67d6b4bdcb6629c20b" type="org.openqa.selenium.WebDriverException">org.openqa.selenium.WebDriverException: unknown error: Element &lt;div class=&quot;ui-grid-selection-row-header-buttons ui-grid-icon-ok ng-scope&quot; ng-class=&quot;{&apos;ui-grid-all-selected&apos;: grid.selection.selectAll}&quot; ng-click=&quot;headerButtonClick($event)&quot; ng-if=&quot;grid.options.enableSelectAll&quot;&gt;&lt;/div&gt; is not clickable at point (35, 237). Other element would receive the click: &lt;a href=&quot;&quot; ng-click=&quot;&quot; class=&quot;active&quot; style=&quot;color:#333;&quot;&gt;...&lt;/a&gt;
  (Session info: chrome=61.0.3163.100)
  (Driver info: chromedriver=2.32.498550 (9dec58e66c31bcc53a9ce3c7226f0c1c5810906a),platform=Windows NT 10.0.14393 x86_64) (WARNING: The server did not provide any stacktrace information)
Command duration or timeout: 0 milliseconds
Build info: version: &apos;3.5.3&apos;, revision: &apos;a88d25fe6b&apos;, time: &apos;2017-08-29T12:42:44.417Z&apos;
System info: host: &apos;DESKTOP-PD4GPRC&apos;, ip: &apos;192.168.100.18&apos;, os.name: &apos;Windows 10&apos;, os.arch: &apos;amd64&apos;, os.version: &apos;10.0&apos;, java.version: &apos;1.8.0_144&apos;
Driver info: org.openqa.selenium.chrome.ChromeDriver
Capabilities [{mobileEmulationEnabled=false, hasTouchScreen=false, platform=XP, acceptSslCerts=true, webStorageEnabled=true, browserName=chrome, takesScreenshot=true, javascriptEnabled=true, platformName=XP, setWindowRect=true, unexpectedAlertBehaviour=, applicationCacheEnabled=false, rotatable=false, networkConnectionEnabled=false, chrome={chromedriverVersion=2.32.498550 (9dec58e66c31bcc53a9ce3c7226f0c1c5810906a), userDataDir=C:\WINDOWS\TEMP\scoped_dir10044_1324}, takesHeapSnapshot=true, pageLoadStrategy=normal, unhandledPromptBehavior=, databaseEnabled=false, handlesAlerts=true, version=61.0.3163.100, browserConnectionEnabled=false, nativeEvents=true, locationContextEnabled=true, cssSelectorsEnabled=true}]
Session ID: 919988a91770db67d6b4bdcb6629c20b
	at sun.reflect.NativeConstructorAccessorImpl.newInstance0(Native Method)
	at sun.reflect.NativeConstructorAccessorImpl.newInstance(NativeConstructorAccessorImpl.java:62)
	at sun.reflect.DelegatingConstructorAccessorImpl.newInstance(DelegatingConstructorAccessorImpl.java:45)
	at java.lang.reflect.Constructor.newInstance(Constructor.java:423)
	at org.openqa.selenium.remote.ErrorHandler.createThrowable(ErrorHandler.java:215)
	at org.openqa.selenium.remote.ErrorHandler.throwIfResponseFailed(ErrorHandler.java:167)
	at org.openqa.selenium.remote.http.JsonHttpResponseCodec.reconstructValue(JsonHttpResponseCodec.java:40)
	at org.openqa.selenium.remote.http.AbstractHttpResponseCodec.decode(AbstractHttpResponseCodec.java:82)
	at org.openqa.selenium.remote.http.AbstractHttpResponseCodec.decode(AbstractHttpResponseCodec.java:45)
	at org.openqa.selenium.remote.HttpCommandExecutor.execute(HttpCommandExecutor.java:164)
	at org.openqa.selenium.remote.service.DriverCommandExecutor.execute(DriverCommandExecutor.java:82)
	at org.openqa.selenium.remote.RemoteWebDriver.execute(RemoteWebDriver.java:646)
	at org.openqa.selenium.remote.RemoteWebElement.execute(RemoteWebElement.java:275)
	at org.openqa.selenium.remote.RemoteWebElement.click(RemoteWebElement.java:82)
	at Applause_Qa.ApplauseTest1.selects_the_beacon_id(ApplauseTest1.java:202)
	at ✽.Then selects the beacon id(src/test/java/Applause_Qa/ApplauseTest1.feature:71)
</error>
  </testcase>
  <testcase classname="Scenario: Unpair beacon from an employee" name="Then clicks the Unpair button" time="0">
    <skipped/>
  </testcase>
  <testcase classname="Scenario: Unpair beacon from an employee" name="Then clicks the Yes button" time="0">
    <skipped/>
  </testcase>
  <testcase classname="Scenario: Unassign beacon from an employee" name="When user clicks on the beacon menu" time="0"/>
  <testcase classname="Scenario: Unassign beacon from an employee" name="Then selects the beacon id" time="0.016">
    <error message="unknown error: Element &lt;div class=&quot;ui-grid-selection-row-header-buttons ui-grid-icon-ok ng-scope&quot; ng-class=&quot;{&apos;ui-grid-all-selected&apos;: grid.selection.selectAll}&quot; ng-click=&quot;headerButtonClick($event)&quot; ng-if=&quot;grid.options.enableSelectAll&quot;&gt;&lt;/div&gt; is not clickable at point (35, 237). Other element would receive the click: &lt;a href=&quot;&quot; ng-click=&quot;&quot; class=&quot;active&quot; style=&quot;color:#333;&quot;&gt;...&lt;/a&gt;
  (Session info: chrome=61.0.3163.100)
  (Driver info: chromedriver=2.32.498550 (9dec58e66c31bcc53a9ce3c7226f0c1c5810906a),platform=Windows NT 10.0.14393 x86_64) (WARNING: The server did not provide any stacktrace information)
Command duration or timeout: 0 milliseconds
Build info: version: &apos;3.5.3&apos;, revision: &apos;a88d25fe6b&apos;, time: &apos;2017-08-29T12:42:44.417Z&apos;
System info: host: &apos;DESKTOP-PD4GPRC&apos;, ip: &apos;192.168.100.18&apos;, os.name: &apos;Windows 10&apos;, os.arch: &apos;amd64&apos;, os.version: &apos;10.0&apos;, java.version: &apos;1.8.0_144&apos;
Driver info: org.openqa.selenium.chrome.ChromeDriver
Capabilities [{mobileEmulationEnabled=false, hasTouchScreen=false, platform=XP, acceptSslCerts=true, webStorageEnabled=true, browserName=chrome, takesScreenshot=true, javascriptEnabled=true, platformName=XP, setWindowRect=true, unexpectedAlertBehaviour=, applicationCacheEnabled=false, rotatable=false, networkConnectionEnabled=false, chrome={chromedriverVersion=2.32.498550 (9dec58e66c31bcc53a9ce3c7226f0c1c5810906a), userDataDir=C:\WINDOWS\TEMP\scoped_dir10044_1324}, takesHeapSnapshot=true, pageLoadStrategy=normal, unhandledPromptBehavior=, databaseEnabled=false, handlesAlerts=true, version=61.0.3163.100, browserConnectionEnabled=false, nativeEvents=true, locationContextEnabled=true, cssSelectorsEnabled=true}]
Session ID: 919988a91770db67d6b4bdcb6629c20b" type="org.openqa.selenium.WebDriverException">org.openqa.selenium.WebDriverException: unknown error: Element &lt;div class=&quot;ui-grid-selection-row-header-buttons ui-grid-icon-ok ng-scope&quot; ng-class=&quot;{&apos;ui-grid-all-selected&apos;: grid.selection.selectAll}&quot; ng-click=&quot;headerButtonClick($event)&quot; ng-if=&quot;grid.options.enableSelectAll&quot;&gt;&lt;/div&gt; is not clickable at point (35, 237). Other element would receive the click: &lt;a href=&quot;&quot; ng-click=&quot;&quot; class=&quot;active&quot; style=&quot;color:#333;&quot;&gt;...&lt;/a&gt;
  (Session info: chrome=61.0.3163.100)
  (Driver info: chromedriver=2.32.498550 (9dec58e66c31bcc53a9ce3c7226f0c1c5810906a),platform=Windows NT 10.0.14393 x86_64) (WARNING: The server did not provide any stacktrace information)
Command duration or timeout: 0 milliseconds
Build info: version: &apos;3.5.3&apos;, revision: &apos;a88d25fe6b&apos;, time: &apos;2017-08-29T12:42:44.417Z&apos;
System info: host: &apos;DESKTOP-PD4GPRC&apos;, ip: &apos;192.168.100.18&apos;, os.name: &apos;Windows 10&apos;, os.arch: &apos;amd64&apos;, os.version: &apos;10.0&apos;, java.version: &apos;1.8.0_144&apos;
Driver info: org.openqa.selenium.chrome.ChromeDriver
Capabilities [{mobileEmulationEnabled=false, hasTouchScreen=false, platform=XP, acceptSslCerts=true, webStorageEnabled=true, browserName=chrome, takesScreenshot=true, javascriptEnabled=true, platformName=XP, setWindowRect=true, unexpectedAlertBehaviour=, applicationCacheEnabled=false, rotatable=false, networkConnectionEnabled=false, chrome={chromedriverVersion=2.32.498550 (9dec58e66c31bcc53a9ce3c7226f0c1c5810906a), userDataDir=C:\WINDOWS\TEMP\scoped_dir10044_1324}, takesHeapSnapshot=true, pageLoadStrategy=normal, unhandledPromptBehavior=, databaseEnabled=false, handlesAlerts=true, version=61.0.3163.100, browserConnectionEnabled=false, nativeEvents=true, locationContextEnabled=true, cssSelectorsEnabled=true}]
Session ID: 919988a91770db67d6b4bdcb6629c20b
	at sun.reflect.NativeConstructorAccessorImpl.newInstance0(Native Method)
	at sun.reflect.NativeConstructorAccessorImpl.newInstance(NativeConstructorAccessorImpl.java:62)
	at sun.reflect.DelegatingConstructorAccessorImpl.newInstance(DelegatingConstructorAccessorImpl.java:45)
	at java.lang.reflect.Constructor.newInstance(Constructor.java:423)
	at org.openqa.selenium.remote.ErrorHandler.createThrowable(ErrorHandler.java:215)
	at org.openqa.selenium.remote.ErrorHandler.throwIfResponseFailed(ErrorHandler.java:167)
	at org.openqa.selenium.remote.http.JsonHttpResponseCodec.reconstructValue(JsonHttpResponseCodec.java:40)
	at org.openqa.selenium.remote.http.AbstractHttpResponseCodec.decode(AbstractHttpResponseCodec.java:82)
	at org.openqa.selenium.remote.http.AbstractHttpResponseCodec.decode(AbstractHttpResponseCodec.java:45)
	at org.openqa.selenium.remote.HttpCommandExecutor.execute(HttpCommandExecutor.java:164)
	at org.openqa.selenium.remote.service.DriverCommandExecutor.execute(DriverCommandExecutor.java:82)
	at org.openqa.selenium.remote.RemoteWebDriver.execute(RemoteWebDriver.java:646)
	at org.openqa.selenium.remote.RemoteWebElement.execute(RemoteWebElement.java:275)
	at org.openqa.selenium.remote.RemoteWebElement.click(RemoteWebElement.java:82)
	at Applause_Qa.ApplauseTest1.selects_the_beacon_id(ApplauseTest1.java:202)
	at ✽.Then selects the beacon id(src/test/java/Applause_Qa/ApplauseTest1.feature:77)
</error>
  </testcase>
  <testcase classname="Scenario: Unassign beacon from an employee" name="Scenario: Unassign beacon from an employee" time="0.016">
    <error message="unknown error: Element &lt;div class=&quot;ui-grid-selection-row-header-buttons ui-grid-icon-ok ng-scope&quot; ng-class=&quot;{&apos;ui-grid-all-selected&apos;: grid.selection.selectAll}&quot; ng-click=&quot;headerButtonClick($event)&quot; ng-if=&quot;grid.options.enableSelectAll&quot;&gt;&lt;/div&gt; is not clickable at point (35, 237). Other element would receive the click: &lt;a href=&quot;&quot; ng-click=&quot;&quot; class=&quot;active&quot; style=&quot;color:#333;&quot;&gt;...&lt;/a&gt;
  (Session info: chrome=61.0.3163.100)
  (Driver info: chromedriver=2.32.498550 (9dec58e66c31bcc53a9ce3c7226f0c1c5810906a),platform=Windows NT 10.0.14393 x86_64) (WARNING: The server did not provide any stacktrace information)
Command duration or timeout: 0 milliseconds
Build info: version: &apos;3.5.3&apos;, revision: &apos;a88d25fe6b&apos;, time: &apos;2017-08-29T12:42:44.417Z&apos;
System info: host: &apos;DESKTOP-PD4GPRC&apos;, ip: &apos;192.168.100.18&apos;, os.name: &apos;Windows 10&apos;, os.arch: &apos;amd64&apos;, os.version: &apos;10.0&apos;, java.version: &apos;1.8.0_144&apos;
Driver info: org.openqa.selenium.chrome.ChromeDriver
Capabilities [{mobileEmulationEnabled=false, hasTouchScreen=false, platform=XP, acceptSslCerts=true, webStorageEnabled=true, browserName=chrome, takesScreenshot=true, javascriptEnabled=true, platformName=XP, setWindowRect=true, unexpectedAlertBehaviour=, applicationCacheEnabled=false, rotatable=false, networkConnectionEnabled=false, chrome={chromedriverVersion=2.32.498550 (9dec58e66c31bcc53a9ce3c7226f0c1c5810906a), userDataDir=C:\WINDOWS\TEMP\scoped_dir10044_1324}, takesHeapSnapshot=true, pageLoadStrategy=normal, unhandledPromptBehavior=, databaseEnabled=false, handlesAlerts=true, version=61.0.3163.100, browserConnectionEnabled=false, nativeEvents=true, locationContextEnabled=true, cssSelectorsEnabled=true}]
Session ID: 919988a91770db67d6b4bdcb6629c20b" type="org.openqa.selenium.WebDriverException">org.openqa.selenium.WebDriverException: unknown error: Element &lt;div class=&quot;ui-grid-selection-row-header-buttons ui-grid-icon-ok ng-scope&quot; ng-class=&quot;{&apos;ui-grid-all-selected&apos;: grid.selection.selectAll}&quot; ng-click=&quot;headerButtonClick($event)&quot; ng-if=&quot;grid.options.enableSelectAll&quot;&gt;&lt;/div&gt; is not clickable at point (35, 237). Other element would receive the click: &lt;a href=&quot;&quot; ng-click=&quot;&quot; class=&quot;active&quot; style=&quot;color:#333;&quot;&gt;...&lt;/a&gt;
  (Session info: chrome=61.0.3163.100)
  (Driver info: chromedriver=2.32.498550 (9dec58e66c31bcc53a9ce3c7226f0c1c5810906a),platform=Windows NT 10.0.14393 x86_64) (WARNING: The server did not provide any stacktrace information)
Command duration or timeout: 0 milliseconds
Build info: version: &apos;3.5.3&apos;, revision: &apos;a88d25fe6b&apos;, time: &apos;2017-08-29T12:42:44.417Z&apos;
System info: host: &apos;DESKTOP-PD4GPRC&apos;, ip: &apos;192.168.100.18&apos;, os.name: &apos;Windows 10&apos;, os.arch: &apos;amd64&apos;, os.version: &apos;10.0&apos;, java.version: &apos;1.8.0_144&apos;
Driver info: org.openqa.selenium.chrome.ChromeDriver
Capabilities [{mobileEmulationEnabled=false, hasTouchScreen=false, platform=XP, acceptSslCerts=true, webStorageEnabled=true, browserName=chrome, takesScreenshot=true, javascriptEnabled=true, platformName=XP, setWindowRect=true, unexpectedAlertBehaviour=, applicationCacheEnabled=false, rotatable=false, networkConnectionEnabled=false, chrome={chromedriverVersion=2.32.498550 (9dec58e66c31bcc53a9ce3c7226f0c1c5810906a), userDataDir=C:\WINDOWS\TEMP\scoped_dir10044_1324}, takesHeapSnapshot=true, pageLoadStrategy=normal, unhandledPromptBehavior=, databaseEnabled=false, handlesAlerts=true, version=61.0.3163.100, browserConnectionEnabled=false, nativeEvents=true, locationContextEnabled=true, cssSelectorsEnabled=true}]
Session ID: 919988a91770db67d6b4bdcb6629c20b
	at sun.reflect.NativeConstructorAccessorImpl.newInstance0(Native Method)
	at sun.reflect.NativeConstructorAccessorImpl.newInstance(NativeConstructorAccessorImpl.java:62)
	at sun.reflect.DelegatingConstructorAccessorImpl.newInstance(DelegatingConstructorAccessorImpl.java:45)
	at java.lang.reflect.Constructor.newInstance(Constructor.java:423)
	at org.openqa.selenium.remote.ErrorHandler.createThrowable(ErrorHandler.java:215)
	at org.openqa.selenium.remote.ErrorHandler.throwIfResponseFailed(ErrorHandler.java:167)
	at org.openqa.selenium.remote.http.JsonHttpResponseCodec.reconstructValue(JsonHttpResponseCodec.java:40)
	at org.openqa.selenium.remote.http.AbstractHttpResponseCodec.decode(AbstractHttpResponseCodec.java:82)
	at org.openqa.selenium.remote.http.AbstractHttpResponseCodec.decode(AbstractHttpResponseCodec.java:45)
	at org.openqa.selenium.remote.HttpCommandExecutor.execute(HttpCommandExecutor.java:164)
	at org.openqa.selenium.remote.service.DriverCommandExecutor.execute(DriverCommandExecutor.java:82)
	at org.openqa.selenium.remote.RemoteWebDriver.execute(RemoteWebDriver.java:646)
	at org.openqa.selenium.remote.RemoteWebElement.execute(RemoteWebElement.java:275)
	at org.openqa.selenium.remote.RemoteWebElement.click(RemoteWebElement.java:82)
	at Applause_Qa.ApplauseTest1.selects_the_beacon_id(ApplauseTest1.java:202)
	at ✽.Then selects the beacon id(src/test/java/Applause_Qa/ApplauseTest1.feature:77)
</error>
  </testcase>
  <testcase classname="Scenario: Unassign beacon from an employee" name="Then clicks the Unassign button" time="0.016">
    <skipped/>
  </testcase>
  <testcase classname="Scenario: Unassign beacon from an employee" name="Then clicks the Yes button" time="0.016">
    <skipped/>
  </testcase>
</testsuite>